C:\TALAN\GazeChim\POC-Gazechim\GazeChim\ClientApp\dist\out-tsc\capacitor.config.js
C:\TALAN\GazeChim\POC-Gazechim\GazeChim\ClientApp\dist\out-tsc\capacitor.config.js.map
C:\TALAN\GazeChim\POC-Gazechim\GazeChim\ClientApp\dist\out-tsc\src\app\models\environment.js
C:\TALAN\GazeChim\POC-Gazechim\GazeChim\ClientApp\dist\out-tsc\src\app\models\environment.js.map
C:\TALAN\GazeChim\POC-Gazechim\GazeChim\ClientApp\dist\out-tsc\src\app\environments\environment.js
C:\TALAN\GazeChim\POC-Gazechim\GazeChim\ClientApp\dist\out-tsc\src\app\environments\environment.js.map
C:\TALAN\GazeChim\POC-Gazechim\GazeChim\ClientApp\dist\out-tsc\src\app\services\api.service.js
C:\TALAN\GazeChim\POC-Gazechim\GazeChim\ClientApp\dist\out-tsc\src\app\services\api.service.js.map
C:\TALAN\GazeChim\POC-Gazechim\GazeChim\ClientApp\dist\out-tsc\src\app\auth\auth.service.js
C:\TALAN\GazeChim\POC-Gazechim\GazeChim\ClientApp\dist\out-tsc\src\app\auth\auth.service.js.map
C:\TALAN\GazeChim\POC-Gazechim\GazeChim\ClientApp\dist\out-tsc\src\app\components\authentication\user-authentication\user-authentication.component.js
C:\TALAN\GazeChim\POC-Gazechim\GazeChim\ClientApp\dist\out-tsc\src\app\components\authentication\user-authentication\user-authentication.component.js.map
C:\TALAN\GazeChim\POC-Gazechim\GazeChim\ClientApp\dist\out-tsc\src\app\models\bsff\form-company.js
C:\TALAN\GazeChim\POC-Gazechim\GazeChim\ClientApp\dist\out-tsc\src\app\models\bsff\form-company.js.map
C:\TALAN\GazeChim\POC-Gazechim\GazeChim\ClientApp\dist\out-tsc\src\app\models\bsff\bsff-company.js
C:\TALAN\GazeChim\POC-Gazechim\GazeChim\ClientApp\dist\out-tsc\src\app\models\bsff\bsff-company.js.map
C:\TALAN\GazeChim\POC-Gazechim\GazeChim\ClientApp\dist\out-tsc\src\app\models\bsff\signature.js
C:\TALAN\GazeChim\POC-Gazechim\GazeChim\ClientApp\dist\out-tsc\src\app\models\bsff\signature.js.map
C:\TALAN\GazeChim\POC-Gazechim\GazeChim\ClientApp\dist\out-tsc\src\app\models\bsff\bsff-reception.js
C:\TALAN\GazeChim\POC-Gazechim\GazeChim\ClientApp\dist\out-tsc\src\app\models\bsff\bsff-reception.js.map
C:\TALAN\GazeChim\POC-Gazechim\GazeChim\ClientApp\dist\out-tsc\src\app\models\bsff\enums\bsff-operation-code.js
C:\TALAN\GazeChim\POC-Gazechim\GazeChim\ClientApp\dist\out-tsc\src\app\models\bsff\enums\bsff-operation-code.js.map
C:\TALAN\GazeChim\POC-Gazechim\GazeChim\ClientApp\dist\out-tsc\src\app\models\bsff\bsff-destination.js
C:\TALAN\GazeChim\POC-Gazechim\GazeChim\ClientApp\dist\out-tsc\src\app\models\bsff\bsff-destination.js.map
C:\TALAN\GazeChim\POC-Gazechim\GazeChim\ClientApp\dist\out-tsc\src\app\models\bsff\bsff-detenteur.js
C:\TALAN\GazeChim\POC-Gazechim\GazeChim\ClientApp\dist\out-tsc\src\app\models\bsff\bsff-detenteur.js.map
C:\TALAN\GazeChim\POC-Gazechim\GazeChim\ClientApp\dist\out-tsc\src\app\models\bsff\bsff-operateur.js
C:\TALAN\GazeChim\POC-Gazechim\GazeChim\ClientApp\dist\out-tsc\src\app\models\bsff\bsff-operateur.js.map
C:\TALAN\GazeChim\POC-Gazechim\GazeChim\ClientApp\dist\out-tsc\src\app\models\bsff\bsff-fiche-intervention.js
C:\TALAN\GazeChim\POC-Gazechim\GazeChim\ClientApp\dist\out-tsc\src\app\models\bsff\bsff-fiche-intervention.js.map
C:\TALAN\GazeChim\POC-Gazechim\GazeChim\ClientApp\dist\out-tsc\src\app\models\bsff\enums\waste-acceptation-status.js
C:\TALAN\GazeChim\POC-Gazechim\GazeChim\ClientApp\dist\out-tsc\src\app\models\bsff\enums\waste-acceptation-status.js.map
C:\TALAN\GazeChim\POC-Gazechim\GazeChim\ClientApp\dist\out-tsc\src\app\models\bsff\packaging\bsff-packaging-acceptation.js
C:\TALAN\GazeChim\POC-Gazechim\GazeChim\ClientApp\dist\out-tsc\src\app\models\bsff\packaging\bsff-packaging-acceptation.js.map
C:\TALAN\GazeChim\POC-Gazechim\GazeChim\ClientApp\dist\out-tsc\src\app\models\bsff\packaging\bsff-packaging-next-destination.js
C:\TALAN\GazeChim\POC-Gazechim\GazeChim\ClientApp\dist\out-tsc\src\app\models\bsff\packaging\bsff-packaging-next-destination.js.map
C:\TALAN\GazeChim\POC-Gazechim\GazeChim\ClientApp\dist\out-tsc\src\app\models\bsff\packaging\bsff-packaging-operation.js
C:\TALAN\GazeChim\POC-Gazechim\GazeChim\ClientApp\dist\out-tsc\src\app\models\bsff\packaging\bsff-packaging-operation.js.map
C:\TALAN\GazeChim\POC-Gazechim\GazeChim\ClientApp\dist\out-tsc\src\app\models\bsff\enums\bsff-packaging-type.js
C:\TALAN\GazeChim\POC-Gazechim\GazeChim\ClientApp\dist\out-tsc\src\app\models\bsff\enums\bsff-packaging-type.js.map
C:\TALAN\GazeChim\POC-Gazechim\GazeChim\ClientApp\dist\out-tsc\src\app\models\bsff\packaging\bsff-packaging.js
C:\TALAN\GazeChim\POC-Gazechim\GazeChim\ClientApp\dist\out-tsc\src\app\models\bsff\packaging\bsff-packaging.js.map
C:\TALAN\GazeChim\POC-Gazechim\GazeChim\ClientApp\dist\out-tsc\src\app\models\bsff\bsff-waste.js
C:\TALAN\GazeChim\POC-Gazechim\GazeChim\ClientApp\dist\out-tsc\src\app\models\bsff\bsff-waste.js.map
C:\TALAN\GazeChim\POC-Gazechim\GazeChim\ClientApp\dist\out-tsc\src\app\models\bsff\bsff-weight.js
C:\TALAN\GazeChim\POC-Gazechim\GazeChim\ClientApp\dist\out-tsc\src\app\models\bsff\bsff-weight.js.map
C:\TALAN\GazeChim\POC-Gazechim\GazeChim\ClientApp\dist\out-tsc\src\app\models\bsff\emission\bsff-emission.js
C:\TALAN\GazeChim\POC-Gazechim\GazeChim\ClientApp\dist\out-tsc\src\app\models\bsff\emission\bsff-emission.js.map
C:\TALAN\GazeChim\POC-Gazechim\GazeChim\ClientApp\dist\out-tsc\src\app\models\bsff\emission\bsff-emitter.js
C:\TALAN\GazeChim\POC-Gazechim\GazeChim\ClientApp\dist\out-tsc\src\app\models\bsff\emission\bsff-emitter.js.map
C:\TALAN\GazeChim\POC-Gazechim\GazeChim\ClientApp\dist\out-tsc\src\app\models\bsff\enums\bsff-type.js
C:\TALAN\GazeChim\POC-Gazechim\GazeChim\ClientApp\dist\out-tsc\src\app\models\bsff\enums\bsff-type.js.map
C:\TALAN\GazeChim\POC-Gazechim\GazeChim\ClientApp\dist\out-tsc\src\app\models\bsff\enums\transport-mode.js
C:\TALAN\GazeChim\POC-Gazechim\GazeChim\ClientApp\dist\out-tsc\src\app\models\bsff\enums\transport-mode.js.map
C:\TALAN\GazeChim\POC-Gazechim\GazeChim\ClientApp\dist\out-tsc\src\app\models\bsff\transport\bsff-transport.js
C:\TALAN\GazeChim\POC-Gazechim\GazeChim\ClientApp\dist\out-tsc\src\app\models\bsff\transport\bsff-transport.js.map
C:\TALAN\GazeChim\POC-Gazechim\GazeChim\ClientApp\dist\out-tsc\src\app\models\bsff\transport\bsff-transporter-recepisse.js
C:\TALAN\GazeChim\POC-Gazechim\GazeChim\ClientApp\dist\out-tsc\src\app\models\bsff\transport\bsff-transporter-recepisse.js.map
C:\TALAN\GazeChim\POC-Gazechim\GazeChim\ClientApp\dist\out-tsc\src\app\models\bsff\transport\bsff-transporter.js
C:\TALAN\GazeChim\POC-Gazechim\GazeChim\ClientApp\dist\out-tsc\src\app\models\bsff\transport\bsff-transporter.js.map
C:\TALAN\GazeChim\POC-Gazechim\GazeChim\ClientApp\dist\out-tsc\src\app\models\bsff\bsff.js
C:\TALAN\GazeChim\POC-Gazechim\GazeChim\ClientApp\dist\out-tsc\src\app\models\bsff\bsff.js.map
C:\TALAN\GazeChim\POC-Gazechim\GazeChim\ClientApp\dist\out-tsc\src\app\models\bsff\edges.js
C:\TALAN\GazeChim\POC-Gazechim\GazeChim\ClientApp\dist\out-tsc\src\app\models\bsff\edges.js.map
C:\TALAN\GazeChim\POC-Gazechim\GazeChim\ClientApp\dist\out-tsc\src\app\models\bsff\bsffs.js
C:\TALAN\GazeChim\POC-Gazechim\GazeChim\ClientApp\dist\out-tsc\src\app\models\bsff\bsffs.js.map
C:\TALAN\GazeChim\POC-Gazechim\GazeChim\ClientApp\dist\out-tsc\src\app\models\bsff\bsff-collection.js
C:\TALAN\GazeChim\POC-Gazechim\GazeChim\ClientApp\dist\out-tsc\src\app\models\bsff\bsff-collection.js.map
C:\TALAN\GazeChim\POC-Gazechim\GazeChim\ClientApp\dist\out-tsc\src\app\models\bsff\bsff-result.js
C:\TALAN\GazeChim\POC-Gazechim\GazeChim\ClientApp\dist\out-tsc\src\app\models\bsff\bsff-result.js.map
C:\TALAN\GazeChim\POC-Gazechim\GazeChim\ClientApp\dist\out-tsc\src\app\services\bsff.service.js
C:\TALAN\GazeChim\POC-Gazechim\GazeChim\ClientApp\dist\out-tsc\src\app\services\bsff.service.js.map
C:\TALAN\GazeChim\POC-Gazechim\GazeChim\ClientApp\dist\out-tsc\src\app\components\bsff\bsff-view\bsff-view.component.js
C:\TALAN\GazeChim\POC-Gazechim\GazeChim\ClientApp\dist\out-tsc\src\app\components\bsff\bsff-view\bsff-view.component.js.map
C:\TALAN\GazeChim\POC-Gazechim\GazeChim\ClientApp\dist\out-tsc\src\app\auth\token-interceptor.js
C:\TALAN\GazeChim\POC-Gazechim\GazeChim\ClientApp\dist\out-tsc\src\app\auth\token-interceptor.js.map
C:\TALAN\GazeChim\POC-Gazechim\GazeChim\ClientApp\dist\out-tsc\src\app\common\shared.module.js
C:\TALAN\GazeChim\POC-Gazechim\GazeChim\ClientApp\dist\out-tsc\src\app\common\shared.module.js.map
C:\TALAN\GazeChim\POC-Gazechim\GazeChim\ClientApp\dist\out-tsc\src\app\components\bsff\bsff-view-details\bsff-view-details.component.js
C:\TALAN\GazeChim\POC-Gazechim\GazeChim\ClientApp\dist\out-tsc\src\app\components\bsff\bsff-view-details\bsff-view-details.component.js.map
C:\TALAN\GazeChim\POC-Gazechim\GazeChim\ClientApp\dist\out-tsc\src\app\components\bsff\bsff-routing.module.js
C:\TALAN\GazeChim\POC-Gazechim\GazeChim\ClientApp\dist\out-tsc\src\app\components\bsff\bsff-routing.module.js.map
C:\TALAN\GazeChim\POC-Gazechim\GazeChim\ClientApp\dist\out-tsc\src\app\components\bsff\bsff.module.js
C:\TALAN\GazeChim\POC-Gazechim\GazeChim\ClientApp\dist\out-tsc\src\app\components\bsff\bsff.module.js.map
C:\TALAN\GazeChim\POC-Gazechim\GazeChim\ClientApp\dist\out-tsc\src\app\app-routing.module.js
C:\TALAN\GazeChim\POC-Gazechim\GazeChim\ClientApp\dist\out-tsc\src\app\app-routing.module.js.map
C:\TALAN\GazeChim\POC-Gazechim\GazeChim\ClientApp\dist\out-tsc\src\app\app.component.js
C:\TALAN\GazeChim\POC-Gazechim\GazeChim\ClientApp\dist\out-tsc\src\app\app.component.js.map
C:\TALAN\GazeChim\POC-Gazechim\GazeChim\ClientApp\dist\out-tsc\src\app\components\authentication\authentication.module.js
C:\TALAN\GazeChim\POC-Gazechim\GazeChim\ClientApp\dist\out-tsc\src\app\components\authentication\authentication.module.js.map
C:\TALAN\GazeChim\POC-Gazechim\GazeChim\ClientApp\dist\out-tsc\src\app\app.module.js
C:\TALAN\GazeChim\POC-Gazechim\GazeChim\ClientApp\dist\out-tsc\src\app\app.module.js.map
C:\TALAN\GazeChim\POC-Gazechim\GazeChim\ClientApp\dist\out-tsc\src\main.js
C:\TALAN\GazeChim\POC-Gazechim\GazeChim\ClientApp\dist\out-tsc\src\main.js.map
C:\TALAN\GazeChim\POC-Gazechim\GazeChim\ClientApp\dist\out-tsc\src\app\models\user.js
C:\TALAN\GazeChim\POC-Gazechim\GazeChim\ClientApp\dist\out-tsc\src\app\models\user.js.map
C:\TALAN\GazeChim\POC-Gazechim\GazeChim\ClientApp\dist\out-tsc\src\app\models\user-response.js
C:\TALAN\GazeChim\POC-Gazechim\GazeChim\ClientApp\dist\out-tsc\src\app\models\user-response.js.map
C:\TALAN\GazeChim\POC-Gazechim\GazeChim\ClientApp\dist\out-tsc\src\app\models\bsff\node.js
C:\TALAN\GazeChim\POC-Gazechim\GazeChim\ClientApp\dist\out-tsc\src\app\models\bsff\node.js.map
